<?xml version="1.0" encoding="UTF-8"?>
<!-- Generated by org.testng.reporters.JUnitXMLReporter -->
<testsuite hostname="LAPTOP-PLE3HF27" name="Test2" tests="11" failures="0" timestamp="16 May 2022 06:12:54 GMT" time="89.702" errors="0">
  <testcase name="launchURL" time="7.48" classname="SeleniumProject.Payment"/>
  <testcase name="verifyMenu" time="0.441" classname="SeleniumProject.Payment"/>
  <testcase name="EnterInputFields" time="7.808" classname="SeleniumProject.Payment"/>
  <testcase name="EnterInputFields2" time="11.557" classname="SeleniumProject.Payment"/>
  <testcase name="PaymentMethod" time="0.618" classname="SeleniumProject.Payment"/>
  <testcase name="PaymentInnerMethod" time="0.515" classname="SeleniumProject.Payment"/>
  <testcase name="PaymentInnerMethodDetails" time="3.636" classname="SeleniumProject.Payment"/>
  <testcase name="ClickPayment" time="5.253" classname="SeleniumProject.Payment"/>
  <testcase name="VerifyPopupWindow" time="5.577" classname="SeleniumProject.Payment"/>
  <testcase name="EnterPopupWindow" time="35.264" classname="SeleniumProject.Payment"/>
  <testcase name="VerifyPayment" time="4.161" classname="SeleniumProject.Payment"/>
</testsuite> <!-- Test2 -->
