<?xml version="1.0" encoding="UTF-8"?>
<!-- Generated by org.testng.reporters.JUnitXMLReporter -->
<testsuite hostname="LAPTOP-PLE3HF27" name="Test" tests="11" failures="0" timestamp="16 May 2022 06:10:01 GMT" time="90.603" errors="0">
  <testcase name="launchURL" time="9.156" classname="SeleniumProject.Payment"/>
  <testcase name="verifyMenu" time="6.737" classname="SeleniumProject.Payment"/>
  <testcase name="EnterInputFields" time="2.297" classname="SeleniumProject.Payment"/>
  <testcase name="EnterInputFields2" time="10.424" classname="SeleniumProject.Payment"/>
  <testcase name="PaymentMethod" time="7.367" classname="SeleniumProject.Payment"/>
  <testcase name="PaymentInnerMethod" time="0.335" classname="SeleniumProject.Payment"/>
  <testcase name="PaymentInnerMethodDetails" time="0.965" classname="SeleniumProject.Payment"/>
  <testcase name="ClickPayment" time="5.293" classname="SeleniumProject.Payment"/>
  <testcase name="VerifyPopupWindow" time="6.16" classname="SeleniumProject.Payment"/>
  <testcase name="EnterPopupWindow" time="33.448" classname="SeleniumProject.Payment"/>
  <testcase name="VerifyPayment" time="4.275" classname="SeleniumProject.Payment"/>
</testsuite> <!-- Test -->
