<?xml version="1.0" encoding="UTF-8"?>
<!-- Generated by org.testng.reporters.JUnitXMLReporter -->
<testsuite hostname="LAPTOP-PLE3HF27" name="Test1" tests="11" failures="0" timestamp="16 May 2022 06:11:24 GMT" time="83.588" errors="0">
  <testcase name="launchURL" time="5.528" classname="SeleniumProject.Payment"/>
  <testcase name="verifyMenu" time="0.249" classname="SeleniumProject.Payment"/>
  <testcase name="EnterInputFields" time="6.445" classname="SeleniumProject.Payment"/>
  <testcase name="EnterInputFields2" time="13.642" classname="SeleniumProject.Payment"/>
  <testcase name="PaymentMethod" time="1.275" classname="SeleniumProject.Payment"/>
  <testcase name="PaymentInnerMethod" time="0.35" classname="SeleniumProject.Payment"/>
  <testcase name="PaymentInnerMethodDetails" time="0.466" classname="SeleniumProject.Payment"/>
  <testcase name="ClickPayment" time="5.373" classname="SeleniumProject.Payment"/>
  <testcase name="VerifyPopupWindow" time="5.121" classname="SeleniumProject.Payment"/>
  <testcase name="EnterPopupWindow" time="33.696" classname="SeleniumProject.Payment"/>
  <testcase name="VerifyPayment" time="2.171" classname="SeleniumProject.Payment"/>
</testsuite> <!-- Test1 -->
